<?xml version="1.0" encoding="UTF-8"?>
<!-- Generated by org.testng.reporters.JUnitReportReporter -->
<testsuite hostname="9V3F403" failures="0" tests="2" name="Academy.E2EProject1.Homepage" time="24.911" errors="0" timestamp="2022-02-05T13:35:54 IST" skipped="0">
  <testcase classname="Academy.E2EProject1.Homepage" name="Navigation" time="14.099"/>
  <system-out/>
  <testcase classname="Academy.E2EProject1.Homepage" name="Navigation" time="10.812"/>
  <system-out/>
</testsuite> <!-- Academy.E2EProject1.Homepage -->
