<?xml version="1.0" encoding="UTF-8"?>
<!-- Generated by org.testng.reporters.JUnitReportReporter -->
<testsuite skipped="0" hostname="9V3F403" name="Academy.E2EProject1.HomepageTest" tests="2" failures="0" timestamp="2022-02-14T23:49:30 IST" time="7.999" errors="0">
  <testcase name="Credentials" time="5.316" classname="Academy.E2EProject1.HomepageTest"/>
  <system-out/>
  <testcase name="Credentials" time="2.683" classname="Academy.E2EProject1.HomepageTest"/>
  <system-out/>
</testsuite> <!-- Academy.E2EProject1.HomepageTest -->
