<?xml version="1.0" encoding="UTF-8"?>
<!-- Generated by org.testng.reporters.JUnitReportReporter -->
<testsuite hostname="9V3F403" failures="0" tests="1" name="Resources.Base" time="2.332" errors="0" timestamp="2022-02-03T10:20:07 IST" skipped="0">
  <testcase classname="Resources.Base" name="Navigation" time="2.332"/>
  <system-out/>
</testsuite> <!-- Resources.Base -->
