<?xml version="1.0" encoding="UTF-8"?>
<!-- Generated by org.testng.reporters.JUnitReportReporter -->
<testsuite hostname="9V3F403" failures="0" tests="1" name="Resources.Homepage" time="20.840" errors="0" timestamp="2022-02-03T00:04:08 IST" skipped="0">
  <testcase classname="Resources.Homepage" name="Navigation" time="20.840"/>
  <system-out/>
</testsuite> <!-- Resources.Homepage -->
