<?xml version="1.0" encoding="UTF-8"?>
<!-- Generated by org.testng.reporters.JUnitReportReporter -->
<testsuite skipped="0" hostname="9V3F403" name="Academy.E2EProject1.ValidationBar" tests="1" failures="0" timestamp="2022-02-14T23:49:30 IST" time="5.398" errors="0">
  <testcase name="Navigation" time="5.398" classname="Academy.E2EProject1.ValidationBar"/>
  <system-out/>
</testsuite> <!-- Academy.E2EProject1.ValidationBar -->
