<?xml version="1.0" encoding="UTF-8"?>
<!-- Generated by org.testng.reporters.JUnitReportReporter -->
<testsuite skipped="0" hostname="9V3F403" name="Academy.E2EProject1.AppTest1" tests="1" failures="0" timestamp="2022-02-09T00:38:02 IST" time="0.001" errors="0">
  <testcase name="shouldAnswerWithTrueTest" time="0.001" classname="Academy.E2EProject1.AppTest1"/>
  <system-out/>
</testsuite> <!-- Academy.E2EProject1.AppTest1 -->
