<?xml version="1.0" encoding="UTF-8"?>
<!-- Generated by org.testng.reporters.JUnitReportReporter -->
<testsuite skipped="0" hostname="9V3F403" name="Academy.E2EProject1.AppTest" tests="1" failures="0" timestamp="2022-02-06T00:23:01 IST" time="0.010" errors="0">
  <testcase name="shouldAnswerWithTrue" time="0.010" classname="Academy.E2EProject1.AppTest"/>
  <system-out/>
</testsuite> <!-- Academy.E2EProject1.AppTest -->
