<?xml version="1.0" encoding="UTF-8"?>
<!-- Generated by org.testng.reporters.JUnitReportReporter -->
<testsuite skipped="0" hostname="9V3F403" name="Academy.E2EProject1.HomepageTest" tests="2" failures="0" timestamp="2022-02-06T18:47:08 IST" time="7.852" errors="0">
  <testcase name="Navigation" time="2.611" classname="Academy.E2EProject1.HomepageTest"/>
  <system-out/>
  <testcase name="Navigation" time="5.241" classname="Academy.E2EProject1.HomepageTest"/>
  <system-out/>
</testsuite> <!-- Academy.E2EProject1.HomepageTest -->
